Arguments: 
  /home/ehrigoni/.nvm/versions/node/v13.14.0/bin/node /usr/share/yarn/bin/yarn.js start

PATH: 
  /home/ehrigoni/.zinit/polaris/sbin:/home/ehrigoni/.zinit/polaris/bin:/home/ehrigoni/.zinit/polaris/usr/sbin:/home/ehrigoni/.zinit/polaris/usr/bin:/home/ehrigoni/.nvm/versions/node/v13.14.0/bin:/usr/local/sbin:/usr/local/bin:/usr/sbin:/usr/bin:/sbin:/bin:/usr/games:/usr/local/games:/snap/bin

Yarn version: 
  1.22.4

Node version: 
  13.14.0

Platform: 
  linux x64

Trace: 
  SyntaxError: /home/ehrigoni/Git-DevelopmentPaste/Rocketseat/BootCamp/Level3/05-primeiro-projeto-react/package.json: Unexpected token } in JSON at position 1298
      at JSON.parse (<anonymous>)
      at /usr/share/yarn/lib/cli.js:1625:59
      at Generator.next (<anonymous>)
      at step (/usr/share/yarn/lib/cli.js:310:30)
      at /usr/share/yarn/lib/cli.js:321:13

npm manifest: 
  {
    "name": "05-primeiro-projeto-react",
    "version": "0.1.0",
    "private": true,
    "dependencies": {
      "@testing-library/jest-dom": "^4.2.4",
      "@testing-library/react": "^9.3.2",
      "@testing-library/user-event": "^7.1.2",
      "@types/jest": "^24.0.0",
      "@types/node": "^12.0.0",
      "@types/react": "^16.9.0",
      "@types/react-dom": "^16.9.0",
      "@typescript-eslint/eslint-plugin": "^4.3.0",
      "axios": "^0.20.0",
      "eslint-config-airbnb": "^18.2.0",
      "eslint-plugin-react": "^7.20.0",
      "polished": "^3.6.7",
      "react": "^16.13.1",
      "react-dom": "^16.13.1",
      "react-icons": "^3.11.0",
      "react-router-dom": "^5.2.0",
      "react-scripts": "3.4.3",
      "typescript": "~3.7.2"
    },
    "scripts": {
      "start": "react-scripts start",
      "build": "react-scripts build",
      "test": "react-scripts test",
      "eject": "react-scripts eject"
    },
    "eslintConfig": {
      "extends": "react-app"
    },
    "browserslist": {
      "production": [
        ">0.2%",
        "not dead",
        "not op_mini all"
      ],
      "development": [
        "last 1 chrome version",
        "last 1 firefox version",
        "last 1 safari version"
      ]
    },
    "devDependencies": {
      "@types/react-router-dom": "^5.1.5",
      "@types/styled-components": "^5.1.3",
      "styled-components": "^5.2.0",
    }
  }

yarn manifest: 
  No manifest

Lockfile: 
  No lockfile
